{
  "RSpec": {
    "coverage": {
      "/Users/Sammyjo/GeneralAssembly/projects/petbook/app/controllers/pets_controller.rb": [
        1,
        1,
        null,
        null,
        null,
        1,
        0,
        null,
        null,
        null,
        null,
        1,
        null,
        null,
        null,
        1,
        0,
        null,
        null,
        null,
        1,
        null,
        null,
        null,
        null,
        1,
        0,
        null,
        0,
        0,
        0,
        0,
        null,
        0,
        0,
        null,
        null,
        null,
        null,
        null,
        null,
        1,
        0,
        0,
        0,
        0,
        null,
        0,
        0,
        null,
        null,
        null,
        null,
        null,
        null,
        1,
        0,
        0,
        0,
        0,
        null,
        null,
        null,
        1,
        null,
        1,
        0,
        null,
        null,
        null,
        1,
        0,
        null,
        null
      ],
      "/Users/Sammyjo/GeneralAssembly/projects/petbook/app/controllers/application_controller.rb": [
        1,
        null,
        null,
        1,
        1,
        null
      ],
      "/Users/Sammyjo/GeneralAssembly/projects/petbook/spec/helpers/pets_helper_spec.rb": [
        1,
        null,
        null,
        null,
        null,
        null,
        null,
        null,
        null,
        null,
        null,
        null,
        1,
        1,
        null
      ],
      "/Users/Sammyjo/GeneralAssembly/projects/petbook/spec/models/pet_spec.rb": [
        1,
        null,
        1,
        1,
        null
      ],
      "/Users/Sammyjo/GeneralAssembly/projects/petbook/app/models/pet.rb": [
        1,
        1,
        null
      ],
      "/Users/Sammyjo/GeneralAssembly/projects/petbook/spec/requests/pets_spec.rb": [
        1,
        null,
        1,
        1,
        1,
        null,
        1,
        1,
        null,
        null,
        null
      ],
      "/Users/Sammyjo/GeneralAssembly/projects/petbook/spec/routing/pets_routing_spec.rb": [
        1,
        null,
        1,
        1,
        null,
        1,
        1,
        null,
        null,
        1,
        1,
        null,
        null,
        1,
        1,
        null,
        null,
        1,
        1,
        null,
        null,
        1,
        1,
        null,
        null,
        1,
        1,
        null,
        null,
        1,
        1,
        null,
        null,
        null,
        null
      ],
      "/Users/Sammyjo/GeneralAssembly/projects/petbook/spec/views/pets/edit.html.erb_spec.rb": [
        1,
        null,
        1,
        1,
        1,
        null,
        null,
        1,
        0,
        null,
        null,
        0,
        null,
        null,
        null
      ],
      "/Users/Sammyjo/GeneralAssembly/projects/petbook/spec/views/pets/index.html.erb_spec.rb": [
        1,
        null,
        1,
        1,
        1,
        null,
        null,
        null,
        null,
        null,
        1,
        0,
        null,
        null,
        null
      ],
      "/Users/Sammyjo/GeneralAssembly/projects/petbook/spec/views/pets/new.html.erb_spec.rb": [
        1,
        null,
        1,
        1,
        1,
        null,
        null,
        1,
        0,
        null,
        null,
        0,
        null,
        null,
        null
      ],
      "/Users/Sammyjo/GeneralAssembly/projects/petbook/spec/views/pets/show.html.erb_spec.rb": [
        1,
        null,
        1,
        1,
        1,
        null,
        null,
        1,
        0,
        null,
        null,
        null
      ]
    },
    "timestamp": 1395560584
  }
}
