{
  "RSpec": {
    "coverage": {
      "/Users/Sammyjo/GeneralAssembly/projects/petbook/spec/support/devise.rb": [
        1,
        1,
        null
      ],
      "/Users/Sammyjo/GeneralAssembly/projects/petbook/spec/support/factory_girl.rb": [

      ],
      "/Users/Sammyjo/GeneralAssembly/projects/petbook/app/controllers/snapshots_controller.rb": [
        1,
        1,
        null,
        null,
        null,
        1,
        null,
        1,
        1,
        null,
        0,
        0,
        0,
        null,
        0,
        null,
        null,
        null,
        null,
        null,
        1,
        null,
        null,
        null,
        null,
        1,
        1,
        null,
        null,
        null,
        null,
        1,
        null,
        null,
        null,
        null,
        1,
        5,
        null,
        5,
        5,
        6,
        3,
        null,
        4,
        2,
        null,
        null,
        null,
        null,
        null,
        null,
        1,
        5,
        5,
        4,
        2,
        null,
        0,
        0,
        null,
        null,
        null,
        null,
        null,
        null,
        1,
        2,
        2,
        4,
        2,
        null,
        null,
        null,
        1,
        null,
        1,
        9,
        null,
        null,
        null,
        1,
        10,
        null,
        null
      ],
      "/Users/Sammyjo/GeneralAssembly/projects/petbook/app/controllers/application_controller.rb": [
        1,
        null,
        null,
        1,
        1,
        1,
        null,
        null,
        null,
        null,
        1,
        0,
        null,
        null,
        1,
        null,
        1,
        0,
        0,
        null,
        null,
        null,
        null,
        null
      ],
      "/Users/Sammyjo/GeneralAssembly/projects/petbook/app/models/snapshot.rb": [
        1,
        1,
        1,
        1,
        1,
        null
      ]
    },
    "timestamp": 1395896061
  }
}
